<?xml version="1.0" encoding="UTF-8"?>
<!-- Generated by org.testng.reporters.JUnitXMLReporter -->
<testsuite hostname="Shardul" name="Default test" tests="2" failures="0" timestamp="17 May 2020 06:02:58 GMT" time="85.71" errors="0">
  <testcase name="signup" time="11.55" classname="MavenAutomationShoppingTest.MavenAutomationShoppingTest.AppTest"/>
  <testcase name="purchase" time="41.061" classname="MavenAutomationShoppingTest.MavenAutomationShoppingTest.AppTest"/>
</testsuite> <!-- Default test -->
