<?xml version="1.0" encoding="UTF-8" ?>
<testsuite tests="1" failures="1" name="MavenAutomationShoppingTest.MavenAutomationShoppingTest.AppTest" time="0.168" errors="0" skipped="0">
  <properties>
[...]
</properties>
  <testcase classname="MavenAutomationShoppingTest.MavenAutomationShoppingTest.AppTest" name="setup" time="0.168">
    <failure message="The path to the driver executable must be set by the webdriver.chrome.driver system property; for more information, see https://github.com/SeleniumHQ/selenium/wiki/ChromeDriver. The latest version can be downloaded from http://chromedriver.storage.googleapis.com/index.html" type="java.lang.IllegalStateException">java.lang.IllegalStateException: The path to the driver executable must be set by the webdriver.chrome.driver system property; for more information, see https://github.com/SeleniumHQ/selenium/wiki/ChromeDriver. The latest version can be downloaded from http://chromedriver.storage.googleapis.com/index.html
	at com.google.common.base.Preconditions.checkState(Preconditions.java:847)
	at org.openqa.selenium.remote.service.DriverService.findExecutable(DriverService.java:134)
	at org.openqa.selenium.chrome.ChromeDriverService.access$000(ChromeDriverService.java:35)
	at org.openqa.selenium.chrome.ChromeDriverService$Builder.findDefaultExecutable(ChromeDriverService.java:159)
	at org.openqa.selenium.remote.service.DriverService$Builder.build(DriverService.java:355)
	at org.openqa.selenium.chrome.ChromeDriverService.createDefaultService(ChromeDriverService.java:94)
	at org.openqa.selenium.chrome.ChromeDriver.&lt;init&gt;(ChromeDriver.java:123)
	at MavenAutomationShoppingTest.MavenAutomationShoppingTest.AppTest.setup(AppTest.java:17)
</failure>
    <system-out>Configuring TestNG with: org.apache.maven.surefire.testng.conf.TestNG652Configurator@73a8dfcc
a C:\Users\Shardul\eclipse-workspace\MavenAutomationShoppingTest
</system-out>
  </testcase>
</testsuite>