<?xml version="1.0" encoding="UTF-8"?>
<testng-results skipped="0" failed="0" total="2" passed="2">
  <reporter-output>
    <line>
      <![CDATA[<br><img src='C:\Users\Shardul\eclipse-workspace\MavenAutomationShoppingTest\Screenshots\Login - My Store.png' height='500' width='500'/><br>]]>
    </line>
    <line>
      <![CDATA[<br><img src='C:\Users\Shardul\eclipse-workspace\MavenAutomationShoppingTest\Screenshots\Women - My Store.png' height='500' width='500'/><br>]]>
    </line>
    <line>
      <![CDATA[QuickView Page: UnitPrice:$27.0 Total:$54.0 Shipping:$2.0 Grand Total:$56.0]]>
    </line>
    <line>
      <![CDATA[<br><img src='C:\Users\Shardul\eclipse-workspace\MavenAutomationShoppingTest\Screenshots\Women - My Store.png' height='500' width='500'/><br>]]>
    </line>
    <line>
      <![CDATA[Summary Page: GrandTotal:$56.0 Tax:$0.0 Amount with tax:$56.0]]>
    </line>
    <line>
      <![CDATA[<br><img src='C:\Users\Shardul\eclipse-workspace\MavenAutomationShoppingTest\Screenshots\Order - My Store.png' height='500' width='500'/><br>]]>
    </line>
    <line>
      <![CDATA[QuickViewPage: UnitPrice:$27.0 Total:$54.0 Shipping:$2.0 Grand Total:$56.0]]>
    </line>
    <line>
      <![CDATA[<br><img src='C:\Users\Shardul\eclipse-workspace\MavenAutomationShoppingTest\Screenshots\Order - My Store.png' height='500' width='500'/><br>]]>
    </line>
    <line>
      <![CDATA[<br><img src='C:\Users\Shardul\eclipse-workspace\MavenAutomationShoppingTest\Screenshots\Order - My Store.png' height='500' width='500'/><br>]]>
    </line>
    <line>
      <![CDATA[Payment Page: Amount with tax:$56.0]]>
    </line>
    <line>
      <![CDATA[Payment Sucessful]]>
    </line>
    <line>
      <![CDATA[<br><img src='C:\Users\Shardul\eclipse-workspace\MavenAutomationShoppingTest\Screenshots\Order confirmation - My Store.png' height='500' width='500'/><br>]]>
    </line>
    <line>
      <![CDATA[Order History: Amount with tax:$56.0]]>
    </line>
    <line>
      <![CDATA[<br><img src='C:\Users\Shardul\eclipse-workspace\MavenAutomationShoppingTest\Screenshots\Order history - My Store.png' height='500' width='500'/><br>]]>
    </line>
  </reporter-output>
  <suite name="Default suite" duration-ms="85710" started-at="2020-05-17T06:01:32Z" finished-at="2020-05-17T06:02:58Z">
    <groups>
    </groups>
    <test name="Default test" duration-ms="85710" started-at="2020-05-17T06:01:32Z" finished-at="2020-05-17T06:02:58Z">
      <class name="MavenAutomationShoppingTest.MavenAutomationShoppingTest.AppTest">
        <test-method status="PASS" signature="setup()[pri:0, instance:MavenAutomationShoppingTest.MavenAutomationShoppingTest.AppTest@2aaf7cc2]" name="setup" is-config="true" duration-ms="15681" started-at="2020-05-17T11:31:32Z" finished-at="2020-05-17T11:31:48Z">
          <reporter-output>
          </reporter-output>
        </test-method> <!-- setup -->
        <test-method status="PASS" signature="signup()[pri:0, instance:MavenAutomationShoppingTest.MavenAutomationShoppingTest.AppTest@2aaf7cc2]" name="signup" duration-ms="11550" started-at="2020-05-17T11:31:48Z" description="testcase to create new account" finished-at="2020-05-17T11:31:59Z">
          <reporter-output>
            <line>
              <![CDATA[<br><img src='C:\Users\Shardul\eclipse-workspace\MavenAutomationShoppingTest\Screenshots\Login - My Store.png' height='500' width='500'/><br>]]>
            </line>
          </reporter-output>
        </test-method> <!-- signup -->
        <test-method status="PASS" signature="close()[pri:0, instance:MavenAutomationShoppingTest.MavenAutomationShoppingTest.AppTest@2aaf7cc2]" name="close" is-config="true" duration-ms="2118" started-at="2020-05-17T11:31:59Z" finished-at="2020-05-17T11:32:02Z">
          <reporter-output>
          </reporter-output>
        </test-method> <!-- close -->
        <test-method status="PASS" signature="setup()[pri:0, instance:MavenAutomationShoppingTest.MavenAutomationShoppingTest.AppTest@2aaf7cc2]" name="setup" is-config="true" duration-ms="15176" started-at="2020-05-17T11:32:02Z" finished-at="2020-05-17T11:32:17Z">
          <reporter-output>
          </reporter-output>
        </test-method> <!-- setup -->
        <test-method status="PASS" signature="purchase()[pri:1, instance:MavenAutomationShoppingTest.MavenAutomationShoppingTest.AppTest@2aaf7cc2]" name="purchase" duration-ms="41061" started-at="2020-05-17T11:32:17Z" description="testcase to sign in, purchase and verify total amount" finished-at="2020-05-17T11:32:58Z">
          <reporter-output>
            <line>
              <![CDATA[<br><img src='C:\Users\Shardul\eclipse-workspace\MavenAutomationShoppingTest\Screenshots\Women - My Store.png' height='500' width='500'/><br>]]>
            </line>
            <line>
              <![CDATA[QuickView Page: UnitPrice:$27.0 Total:$54.0 Shipping:$2.0 Grand Total:$56.0]]>
            </line>
            <line>
              <![CDATA[<br><img src='C:\Users\Shardul\eclipse-workspace\MavenAutomationShoppingTest\Screenshots\Women - My Store.png' height='500' width='500'/><br>]]>
            </line>
            <line>
              <![CDATA[Summary Page: GrandTotal:$56.0 Tax:$0.0 Amount with tax:$56.0]]>
            </line>
            <line>
              <![CDATA[<br><img src='C:\Users\Shardul\eclipse-workspace\MavenAutomationShoppingTest\Screenshots\Order - My Store.png' height='500' width='500'/><br>]]>
            </line>
            <line>
              <![CDATA[QuickViewPage: UnitPrice:$27.0 Total:$54.0 Shipping:$2.0 Grand Total:$56.0]]>
            </line>
            <line>
              <![CDATA[<br><img src='C:\Users\Shardul\eclipse-workspace\MavenAutomationShoppingTest\Screenshots\Order - My Store.png' height='500' width='500'/><br>]]>
            </line>
            <line>
              <![CDATA[<br><img src='C:\Users\Shardul\eclipse-workspace\MavenAutomationShoppingTest\Screenshots\Order - My Store.png' height='500' width='500'/><br>]]>
            </line>
            <line>
              <![CDATA[Payment Page: Amount with tax:$56.0]]>
            </line>
            <line>
              <![CDATA[Payment Sucessful]]>
            </line>
            <line>
              <![CDATA[<br><img src='C:\Users\Shardul\eclipse-workspace\MavenAutomationShoppingTest\Screenshots\Order confirmation - My Store.png' height='500' width='500'/><br>]]>
            </line>
            <line>
              <![CDATA[Order History: Amount with tax:$56.0]]>
            </line>
            <line>
              <![CDATA[<br><img src='C:\Users\Shardul\eclipse-workspace\MavenAutomationShoppingTest\Screenshots\Order history - My Store.png' height='500' width='500'/><br>]]>
            </line>
          </reporter-output>
        </test-method> <!-- purchase -->
        <test-method status="PASS" signature="close()[pri:0, instance:MavenAutomationShoppingTest.MavenAutomationShoppingTest.AppTest@2aaf7cc2]" name="close" is-config="true" duration-ms="97" started-at="2020-05-17T11:32:58Z" finished-at="2020-05-17T11:32:58Z">
          <reporter-output>
          </reporter-output>
        </test-method> <!-- close -->
      </class> <!-- MavenAutomationShoppingTest.MavenAutomationShoppingTest.AppTest -->
    </test> <!-- Default test -->
  </suite> <!-- Default suite -->
</testng-results>
